2026-05-12T23:11:59.519089 - System started
2026-05-12T23:11:59.578682 - User created: a4c036c2-eedf-4c9b-9fe5-5a5a7951acce Harshil 9999999999
2026-05-12T23:11:59.644279200 - Drivers added Rahul Aman
2026-05-12T23:11:59.694076600 - Available driver is Rahul
2026-05-12T23:11:59.696079800 - Ride created with ID: eda71f15-a697-446f-b92b-5a6cd41f863d a4c036c2-eedf-4c9b-9fe5-5a5a7951acce 8aaff3e5-1041-4484-96f1-24c25fbc5dd7 SEARCHING
2026-05-12T23:11:59.697075700 - Ride cancelled: R1
2026-05-12T23:11:59.697075700 - System finished
2026-05-12T23:14:26.627378100 - System started
2026-05-12T23:14:26.678567800 - User created: 483345e1-c417-49c3-8dd8-8f2ebf056314 Harshil 9999999999
2026-05-12T23:14:26.746475100 - Drivers added Rahul Aman
2026-05-12T23:14:26.784746900 - Available driver is Aman
2026-05-12T23:14:26.786209400 - Ride created with ID: 7365013c-9ba9-4948-8824-afac85d7e55f 483345e1-c417-49c3-8dd8-8f2ebf056314 029eafbd-8774-4c1e-9d1b-81846fc1aadd ACCEPTED
2026-05-12T23:14:26.786209400 - Ride cancelled: R1
2026-05-12T23:14:26.787219 - System finished
2026-05-12T23:15:02.154623800 - System started
2026-05-12T23:15:02.206137300 - User created: d420cd22-252e-44d6-a073-6b536c1a5a6e Harshil 9999999999
2026-05-12T23:15:02.272867400 - Drivers added Rahul Aman
2026-05-12T23:15:02.312428300 - Available driver is Rahul
2026-05-12T23:15:02.314425500 - Ride created with ID: 33f5734e-5597-4324-81e4-820d5147c1a4 d420cd22-252e-44d6-a073-6b536c1a5a6e 06d4e5bb-40b7-473c-95dc-a8958af89c86 ACCEPTED
2026-05-12T23:15:02.315423900 - Ride cancelled: R1
2026-05-12T23:15:02.315423900 - System finished
